# //  ModelSim SE-64 2020.4 Oct 13 2020
# //
# //  Copyright 1991-2020 Mentor Graphics Corporation
# //  All Rights Reserved.
# //
# //  ModelSim SE-64 and its associated documentation contain trade
# //  secrets and commercial or financial information that are the property of
# //  Mentor Graphics Corporation and are privileged, confidential,
# //  and exempt from disclosure under the Freedom of Information Act,
# //  5 U.S.C. Section 552. Furthermore, this information
# //  is prohibited from disclosure under the Trade Secrets Act,
# //  18 U.S.C. Section 1905.
# //
# do {testbench_top_simulate.do}
# vsim -voptargs=""+acc"" -L xil_defaultlib -L blk_mem_gen_v8_4_5 -L unisims_ver -L unimacro_ver -L secureip -L xpm -lib xil_defaultlib xil_defaultlib.testbench_top xil_defaultlib.glbl 
# Start time: 15:11:50 on Nov 26,2022
# ** Note: (vsim-3812) Design is being optimized...
# Loading work.testbench_top(fast)
# Loading work.vlg_design(fast)
# Loading unisims_ver.IBUFDS(fast)
# Loading work.blk_mem_gen_0(fast)
# Loading blk_mem_gen_v8_4_5.blk_mem_gen_v8_4_5(fast)
# Loading blk_mem_gen_v8_4_5.blk_mem_gen_v8_4_5_mem_module(fast)
# Loading blk_mem_gen_v8_4_5.blk_mem_gen_v8_4_5_output_stage(fast)
# Loading blk_mem_gen_v8_4_5.blk_mem_gen_v8_4_5_output_stage(fast__1)
# Loading blk_mem_gen_v8_4_5.blk_mem_gen_v8_4_5_softecc_output_reg_stage(fast)
# Loading work.glbl(fast)
# 1
# 1
# .main_pane.wave.interior.cs.body.pw.wf
# .main_pane.structure.interior.cs.body.struct
# .main_pane.objects.interior.cs.body.tree
#  Block Memory Generator module loading initial data...
#  Block Memory Generator data initialization complete.
# Block Memory Generator module testbench_top.U_VLG_DESIGN_0.u_sin_rom.inst.native_mem_module.blk_mem_gen_v8_4_5_inst is using a behavioral model for simulation which will not precisely model memory collision behavior.
run -all
# 32768
# 32768
# 32969
# 33170
# 33371
# 33572
# 33773
# 33974
# 34175
# 34376
# 34577
# 34777
# 34978
# 35179
# 35379
# 35579
# 35780
# 35980
# 36180
# 36380
# 36580
# 36779
# 36979
# 37178
# 37377
# 37576
# 37775
# 37973
# 38172
# 38370
# 38568
# 38766
# 38963
# 39161
# 39358
# 39555
# 39751
# 39948
# 40144
# 40339
# 40535
# 40730
# 40925
# 41119
# 41314
# 41508
# 41701
# 41895
# 42087
# 42280
# 42472
# 42664
# 42856
# 43047
# 43237
# 43428
# 43618
# 43807
# 43996
# 44185
# 44373
# 44561
# 44748
# 44935
# 45122
# 45308
# 45493
# 45678
# 45863
# 46047
# 46231
# 46414
# 46596
# 46778
# 46960
# 47141
# 47321
# 47501
# 47680
# 47859
# 48037
# 48215
# 48392
# 48568
# 48744
# 48919
# 49094
# 49268
# 49441
# 49614
# 49786
# 49958
# 50129
# 50299
# 50468
# 50637
# 50805
# 50973
# 51140
# 51306
# 51471
# 51636
# 51800
# 51963
# 52126
# 52288
# 52449
# 52609
# 52769
# 52928
# 53086
# 53243
# 53400
# 53556
# 53711
# 53865
# 54019
# 54171
# 54323
# 54474
# 54624
# 54774
# 54922
# 55070
# 55217
# 55363
# 55508
# 55652
# 55796
# 55938
# 56080
# 56221
# 56361
# 56500
# 56638
# 56776
# 56912
# 57047
# 57182
# 57316
# 57448
# 57580
# 57711
# 57841
# 57970
# 58098
# 58225
# 58351
# 58476
# 58601
# 58724
# 58846
# 58967
# 59088
# 59207
# 59325
# 59442
# 59559
# 59674
# 59788
# 59901
# 60014
# 60125
# 60235
# 60344
# 60452
# 60559
# 60665
# 60770
# 60874
# 60977
# 61079
# 61179
# 61279
# 61378
# 61475
# 61571
# 61667
# 61761
# 61854
# 61946
# 62037
# 62127
# 62216
# 62303
# 62390
# 62475
# 62560
# 62643
# 62725
# 62806
# 62886
# 62964
# 63042
# 63118
# 63193
# 63267
# 63340
# 63412
# 63483
# 63552
# 63621
# 63688
# 63754
# 63818
# 63882
# 63945
# 64006
# 64066
# 64125
# 64183
# 64239
# 64295
# 64349
# 64402
# 64454
# 64505
# 64554
# 64602
# 64649
# 64695
# 64740
# 64783
# 64826
# 64867
# 64906
# 64945
# 64982
# 65019
# 65054
# 65087
# 65120
# 65151
# 65181
# 65210
# 65238
# 65264
# 65290
# 65314
# 65336
# 65358
# 65378
# 65397
# 65415
# 65432
# 65447
# 65461
# 65474
# 65486
# 65497
# 65506
# 65514
# 65521
# 65526
# 65530
# 65534
# 65535
# 65535
# 65535
# 65534
# 65530
# 65526
# 65521
# 65514
# 65506
# 65497
# 65486
# 65474
# 65461
# 65447
# 65432
# 65415
# 65397
# 65378
# 65358
# 65336
# 65314
# 65290
# 65264
# 65238
# 65210
# 65181
# 65151
# 65120
# 65087
# 65054
# 65019
# 64982
# 64945
# 64906
# 64867
# 64826
# 64783
# 64740
# 64695
# 64649
# 64602
# 64554
# 64505
# 64454
# 64402
# 64349
# 64295
# 64239
# 64183
# 64125
# 64066
# 64006
# 63945
# 63882
# 63818
# 63754
# 63688
# 63621
# 63552
# 63483
# 63412
# 63340
# 63267
# 63193
# 63118
# 63042
# 62964
# 62886
# 62806
# 62725
# 62643
# 62560
# 62475
# 62390
# 62303
# 62216
# 62127
# 62037
# 61946
# 61854
# 61761
# 61667
# 61571
# 61475
# 61378
# 61279
# 61179
# 61079
# 60977
# 60874
# 60770
# 60665
# 60559
# 60452
# 60344
# 60235
# 60125
# 60014
# 59901
# 59788
# 59674
# 59559
# 59442
# 59325
# 59207
# 59088
# 58967
# 58846
# 58724
# 58601
# 58476
# 58351
# 58225
# 58098
# 57970
# 57841
# 57711
# 57580
# 57448
# 57316
# 57182
# 57047
# 56912
# 56776
# 56638
# 56500
# 56361
# 56221
# 56080
# 55938
# 55796
# 55652
# 55508
# 55363
# 55217
# 55070
# 54922
# 54774
# 54624
# 54474
# 54323
# 54171
# 54019
# 53865
# 53711
# 53556
# 53400
# 53243
# 53086
# 52928
# 52769
# 52609
# 52449
# 52288
# 52126
# 51963
# 51800
# 51636
# 51471
# 51306
# 51140
# 50973
# 50805
# 50637
# 50468
# 50299
# 50129
# 49958
# 49786
# 49614
# 49441
# 49268
# 49094
# 48919
# 48744
# 48568
# 48392
# 48215
# 48037
# 47859
# 47680
# 47501
# 47321
# 47141
# 46960
# 46778
# 46596
# 46414
# 46231
# 46047
# 45863
# 45678
# 45493
# 45308
# 45122
# 44935
# 44748
# 44561
# 44373
# 44185
# 43996
# 43807
# 43618
# 43428
# 43237
# 43047
# 42856
# 42664
# 42472
# 42280
# 42087
# 41895
# 41701
# 41508
# 41314
# 41119
# 40925
# 40730
# 40535
# 40339
# 40144
# 39948
# 39751
# 39555
# 39358
# 39161
# 38963
# 38766
# 38568
# 38370
# 38172
# 37973
# 37775
# 37576
# 37377
# 37178
# 36979
# 36779
# 36580
# 36380
# 36180
# 35980
# 35780
# 35579
# 35379
# 35179
# 34978
# 34777
# 34577
# 34376
# 34175
# 33974
# 33773
# 33572
# 33371
# 33170
# 32969
# 32768
# 32567
# 32366
# 32165
# 31964
# 31763
# 31562
# 31361
# 31160
# 30959
# 30759
# 30558
# 30357
# 30157
# 29957
# 29756
# 29556
# 29356
# 29156
# 28956
# 28757
# 28557
# 28358
# 28159
# 27960
# 27761
# 27563
# 27364
# 27166
# 26968
# 26770
# 26573
# 26375
# 26178
# 25981
# 25785
# 25588
# 25392
# 25197
# 25001
# 24806
# 24611
# 24417
# 24222
# 24028
# 23835
# 23641
# 23449
# 23256
# 23064
# 22872
# 22680
# 22489
# 22299
# 22108
# 21918
# 21729
# 21540
# 21351
# 21163
# 20975
# 20788
# 20601
# 20414
# 20228
# 20043
# 19858
# 19673
# 19489
# 19305
# 19122
# 18940
# 18758
# 18576
# 18395
# 18215
# 18035
# 17856
# 17677
# 17499
# 17321
# 17144
# 16968
# 16792
# 16617
# 16442
# 16268
# 16095
# 15922
# 15750
# 15578
# 15407
# 15237
# 15068
# 14899
# 14731
# 14563
# 14396
# 14230
# 14065
# 13900
# 13736
# 13573
# 13410
# 13248
# 13087
# 12927
# 12767
# 12608
# 12450
# 12293
# 12136
# 11980
# 11825
# 11671
# 11517
# 11365
# 11213
# 11062
# 10912
# 10762
# 10614
# 10466
# 10319
# 10173
# 10028
#  9884
#  9740
#  9598
#  9456
#  9315
#  9175
#  9036
#  8898
#  8760
#  8624
#  8489
#  8354
#  8220
#  8088
#  7956
#  7825
#  7695
#  7566
#  7438
#  7311
#  7185
#  7060
#  6935
#  6812
#  6690
#  6569
#  6448
#  6329
#  6211
#  6094
#  5977
#  5862
#  5748
#  5635
#  5522
#  5411
#  5301
#  5192
#  5084
#  4977
#  4871
#  4766
#  4662
#  4559
#  4457
#  4357
#  4257
#  4158
#  4061
#  3965
#  3869
#  3775
#  3682
#  3590
#  3499
#  3409
#  3320
#  3233
#  3146
#  3061
#  2976
#  2893
#  2811
#  2730
#  2650
#  2572
#  2494
#  2418
#  2343
#  2269
#  2196
#  2124
#  2053
#  1984
#  1915
#  1848
#  1782
#  1718
#  1654
#  1591
#  1530
#  1470
#  1411
#  1353
#  1297
#  1241
#  1187
#  1134
#  1082
#  1031
#   982
#   934
#   887
#   841
#   796
#   753
#   710
#   669
#   630
#   591
#   554
#   517
#   482
#   449
#   416
#   385
#   355
#   326
#   298
#   272
#   246
#   222
#   200
#   178
#   158
#   139
#   121
#   104
#    89
#    75
#    62
#    50
#    39
#    30
#    22
#    15
#    10
#     6
#     2
#     1
#     0
#     1
#     2
#     6
#    10
#    15
#    22
#    30
#    39
#    50
#    62
#    75
#    89
#   104
#   121
#   139
#   158
#   178
#   200
#   222
#   246
#   272
#   298
#   326
#   355
#   385
#   416
#   449
#   482
#   517
#   554
#   591
#   630
#   669
#   710
#   753
#   796
#   841
#   887
#   934
#   982
#  1031
#  1082
#  1134
#  1187
#  1241
#  1297
#  1353
#  1411
#  1470
#  1530
#  1591
#  1654
#  1718
#  1782
#  1848
#  1915
#  1984
#  2053
#  2124
#  2196
#  2269
#  2343
#  2418
#  2494
#  2572
#  2650
#  2730
#  2811
#  2893
#  2976
#  3061
#  3146
#  3233
#  3320
#  3409
#  3499
#  3590
#  3682
#  3775
#  3869
#  3965
#  4061
#  4158
#  4257
#  4357
#  4457
#  4559
#  4662
#  4766
#  4871
#  4977
#  5084
#  5192
#  5301
#  5411
#  5522
#  5635
#  5748
#  5862
#  5977
#  6094
#  6211
#  6329
#  6448
#  6569
#  6690
#  6812
#  6935
#  7060
#  7185
#  7311
#  7438
#  7566
#  7695
#  7825
#  7956
#  8088
#  8220
#  8354
#  8489
#  8624
#  8760
#  8898
#  9036
#  9175
#  9315
#  9456
#  9598
#  9740
#  9884
# 10028
# 10173
# 10319
# 10466
# 10614
# 10762
# 10912
# 11062
# 11213
# 11365
# 11517
# 11671
# 11825
# 11980
# 12136
# 12293
# 12450
# 12608
# 12767
# 12927
# 13087
# 13248
# 13410
# 13573
# 13736
# 13900
# 14065
# 14230
# 14396
# 14563
# 14731
# 14899
# 15068
# 15237
# 15407
# 15578
# 15750
# 15922
# 16095
# 16268
# 16442
# 16617
# 16792
# 16968
# 17144
# 17321
# 17499
# 17677
# 17856
# 18035
# 18215
# 18395
# 18576
# 18758
# 18940
# 19122
# 19305
# 19489
# 19673
# 19858
# 20043
# 20228
# 20414
# 20601
# 20788
# 20975
# 21163
# 21351
# 21540
# 21729
# 21918
# 22108
# 22299
# 22489
# 22680
# 22872
# 23064
# 23256
# 23449
# 23641
# 23835
# 24028
# 24222
# 24417
# 24611
# 24806
# 25001
# 25197
# 25392
# 25588
# 25785
# 25981
# 26178
# 26375
# 26573
# 26770
# 26968
# 27166
# 27364
# 27563
# 27761
# 27960
# 28159
# 28358
# 28557
# 28757
# 28956
# 29156
# 29356
# 29556
# 29756
# 29957
# 30157
# 30357
# 30558
# 30759
# 30959
# 31160
# 31361
# 31562
# 31763
# 31964
# 32165
# 32366
# 32567
# 32768
# 32768
# 32768
# 32768
# 32768
# 32768
# 32768
# 32768
# 32768
# 32768
# 32768
# 32768
# 32768
# 32768
# 32768
# 32768
# 32768
# 32768
# 32768
# 32768
# 32768
# 32768
# 32768
# 32768
# 32768
# 32768
# 32768
# 32768
# 32768
# 32768
# 32768
# 32768
# 32768
# 32768
# 32768
# 32768
# 32768
# 32768
# 32768
# 32768
# 32768
# 32768
# 32768
# 32768
# 32768
# 32768
# 32768
# 32768
# 32768
# 32768
# 32768
# 32768
# 32768
# 32768
# 32768
# 32768
# 32768
# 32768
# 32768
# 32768
# 32768
# 32768
# 32768
# 32768
# 32768
# 32768
# 32768
# 32768
# 32768
# 32768
# 32768
# 32768
# 32768
# 32768
# 32768
# 32768
# 32768
# 32768
# 32768
# 32768
# 32768
# 32768
# 32768
# 32768
# 32768
# 32768
# 32768
# 32768
# 32768
# 32768
# 32768
# 32768
# 32768
# 32768
# 32768
# 32768
# 32768
# 32768
# 32768
# 32768
# 32768
# 32768
# 32768
# 32768
# 32768
# 32768
# 32768
# 32768
# 32768
# 32768
# 32768
# 32768
# 32768
# 32768
# 32768
# 32768
# 32768
# 32768
# 32768
# 32768
# 32768
# 32768
# 32768
# 32768
# 32768
# 32768
# 32768
# 32768
# 32768
# 32768
# 32768
# 32768
# 32768
# 32768
# 32768
# 32768
# 32768
# 32768
# 32768
# 32768
# 32768
# 32768
# 32768
# 32768
# 32768
# 32768
# 32768
# 32768
# 32768
# 32768
# 32768
# 32768
# 32768
# 32768
# 32768
# 32768
# 32768
# 32768
# 32768
# 32768
# 32768
# 32768
# 32768
# 32768
# 32768
# 32768
# 32768
# 32768
# 32768
# 32768
# 32768
# 32768
# 32768
# 32768
# 32768
# 32768
# 32768
# 32768
# 32768
# 32768
# 32768
# 32768
# 32768
# 32768
# 32768
# 32768
# 32768
# 32768
# 32768
# 32768
# 32768
# 32768
# 32768
# 32768
# 32768
# 32768
# 32768
# ** Note: $stop    : ../../../../../../testbench/testbench_top.v(83)
#    Time: 7122500 ps  Iteration: 0  Instance: /testbench_top
# Break in Module testbench_top at ../../../../../../testbench/testbench_top.v line 83
# End time: 15:13:48 on Nov 26,2022, Elapsed time: 0:01:58
# Errors: 0, Warnings: 0
