# //  ModelSim SE-64 2020.4 Oct 13 2020
# //
# //  Copyright 1991-2020 Mentor Graphics Corporation
# //  All Rights Reserved.
# //
# //  ModelSim SE-64 and its associated documentation contain trade
# //  secrets and commercial or financial information that are the property of
# //  Mentor Graphics Corporation and are privileged, confidential,
# //  and exempt from disclosure under the Freedom of Information Act,
# //  5 U.S.C. Section 552. Furthermore, this information
# //  is prohibited from disclosure under the Trade Secrets Act,
# //  18 U.S.C. Section 1905.
# //
# do {testbench_top_simulate.do}
# vsim -voptargs=""+acc"" -L xil_defaultlib -L unisims_ver -L unimacro_ver -L secureip -lib xil_defaultlib xil_defaultlib.testbench_top xil_defaultlib.glbl 
# Start time: 18:01:41 on Nov 26,2022
# ** Note: (vsim-3813) Design is being optimized due to module recompilation...
# Loading work.testbench_top(fast)
# Loading work.vlg_design(fast)
# Loading unisims_ver.IBUFDS(fast)
# Loading work.glbl(fast)
# 1
# 1
# .main_pane.wave.interior.cs.body.pw.wf
# .main_pane.structure.interior.cs.body.struct
# .main_pane.objects.interior.cs.body.tree
# The value of GRAY_MSB is 7
run -all
# ** Note: $stop    : ../../../../../../testbench/testbench_top.v(93)
#    Time: 2382500 ps  Iteration: 0  Instance: /testbench_top
# Break in Module testbench_top at ../../../../../../testbench/testbench_top.v line 93
# End time: 18:27:48 on Nov 26,2022, Elapsed time: 0:26:07
# Errors: 0, Warnings: 0
