# do {testbench_top_compile.do}
# ** Warning: (vlib-34) Library already exists at "modelsim_lib/work".
# Errors: 0, Warnings: 1
# ** Warning: (vlib-34) Library already exists at "modelsim_lib/msim".
# Errors: 0, Warnings: 1
# ** Warning: (vlib-34) Library already exists at "modelsim_lib/msim/xil_defaultlib".
# Errors: 0, Warnings: 1
# Model Technology ModelSim SE-64 vmap 2020.4 Lib Mapping Utility 2020.10 Oct 13 2020
# vmap xil_defaultlib modelsim_lib/msim/xil_defaultlib 
# Modifying modelsim.ini
# Model Technology ModelSim SE-64 vlog 2020.4 Compiler 2020.10 Oct 13 2020
# Start time: 17:37:01 on Nov 29,2022
# vlog -incr -mfcu -work xil_defaultlib ../../../../../../design/m_bps.v ../../../../../../design/m_decoder.v ../../../../../../design/m_led.v ../../../../../../design/m_s2p.v ../../../../../../design/vlg_design.v ../../../../../../testbench/testbench_top.v 
# -- Skipping module m_bps
# -- Skipping module m_decoder
# -- Skipping module m_led
# -- Skipping module m_s2p
# -- Compiling module vlg_design
# -- Skipping module testbench_top
# 
# Top level modules:
# 	testbench_top
# End time: 17:37:01 on Nov 29,2022, Elapsed time: 0:00:00
# Errors: 0, Warnings: 0
# Model Technology ModelSim SE-64 vlog 2020.4 Compiler 2020.10 Oct 13 2020
# Start time: 17:37:01 on Nov 29,2022
# vlog -work xil_defaultlib glbl.v 
# -- Compiling module glbl
# 
# Top level modules:
# 	glbl
# End time: 17:37:01 on Nov 29,2022, Elapsed time: 0:00:00
# Errors: 0, Warnings: 0
